<?xml version="1.0" encoding="UTF-8"?>
<testsuite name="com.example.bookservice.BookControllerTest" tests="1" skipped="0" failures="0" errors="0" timestamp="2025-06-05T10:29:49" hostname="DE" time="0.775">
  <properties/>
  <testcase name="shouldCreateAndFetchBooks()" classname="com.example.bookservice.BookControllerTest" time="0.775"/>
  <system-out><![CDATA[13:29:45.911 [Test worker] INFO org.springframework.test.context.support.AnnotationConfigContextLoaderUtils -- Could not detect default configuration classes for test class [com.example.bookservice.BookControllerTest]: BookControllerTest does not declare any static, non-private, non-final, nested classes annotated with @Configuration.
13:29:46.013 [Test worker] INFO org.springframework.boot.test.context.SpringBootTestContextBootstrapper -- Found @SpringBootConfiguration com.example.bookservice.BookServiceApplication for test class com.example.bookservice.BookControllerTest

  .   ____          _            __ _ _
 /\\ / ___'_ __ _ _(_)_ __  __ _ \ \ \ \
( ( )\___ | '_ | '_| | '_ \/ _` | \ \ \ \
 \\/  ___)| |_)| | | | | || (_| |  ) ) ) )
  '  |____| .__|_| |_|_| |_\__, | / / / /
 =========|_|==============|___/=/_/_/_/
 :: Spring Boot ::                (v3.2.5)

2025-06-05T13:29:46.539+03:00  INFO 29692 --- [    Test worker] c.e.bookservice.BookControllerTest       : Starting BookControllerTest using Java 22.0.2 with PID 29692 (started by DenisE in C:\Users\DenisE\Desktop\CentralUniversity\Second_semester\Java\FinalProject\s.epanov\backend\book-service\app)
2025-06-05T13:29:46.539+03:00  INFO 29692 --- [    Test worker] c.e.bookservice.BookControllerTest       : No active profile set, falling back to 1 default profile: "default"
2025-06-05T13:29:47.109+03:00  INFO 29692 --- [    Test worker] .s.d.r.c.RepositoryConfigurationDelegate : Bootstrapping Spring Data JPA repositories in DEFAULT mode.
2025-06-05T13:29:47.170+03:00  INFO 29692 --- [    Test worker] .s.d.r.c.RepositoryConfigurationDelegate : Finished Spring Data repository scanning in 64 ms. Found 1 JPA repository interface.
2025-06-05T13:29:47.578+03:00  INFO 29692 --- [    Test worker] o.hibernate.jpa.internal.util.LogHelper  : HHH000204: Processing PersistenceUnitInfo [name: default]
2025-06-05T13:29:47.651+03:00  INFO 29692 --- [    Test worker] org.hibernate.Version                    : HHH000412: Hibernate ORM core version 6.4.4.Final
2025-06-05T13:29:47.690+03:00  INFO 29692 --- [    Test worker] o.h.c.internal.RegionFactoryInitiator    : HHH000026: Second-level cache disabled
2025-06-05T13:29:47.922+03:00  INFO 29692 --- [    Test worker] o.s.o.j.p.SpringPersistenceUnitInfo      : No LoadTimeWeaver setup: ignoring JPA class transformer
2025-06-05T13:29:47.956+03:00  INFO 29692 --- [    Test worker] com.zaxxer.hikari.HikariDataSource       : HikariPool-1 - Starting...
2025-06-05T13:29:48.133+03:00  INFO 29692 --- [    Test worker] com.zaxxer.hikari.pool.HikariPool        : HikariPool-1 - Added connection conn0: url=jdbc:h2:mem:testdb user=POSTGRES
2025-06-05T13:29:48.135+03:00  INFO 29692 --- [    Test worker] com.zaxxer.hikari.HikariDataSource       : HikariPool-1 - Start completed.
2025-06-05T13:29:48.160+03:00  WARN 29692 --- [    Test worker] org.hibernate.dialect.Dialect            : HHH000511: The 2.2.0 version for [org.hibernate.dialect.PostgreSQLDialect] is no longer supported, hence certain features may not work properly. The minimum supported version is 12.0.0. Check the community dialects project for available legacy versions.
2025-06-05T13:29:48.166+03:00  WARN 29692 --- [    Test worker] org.hibernate.orm.deprecation            : HHH90000025: PostgreSQLDialect does not need to be specified explicitly using 'hibernate.dialect' (remove the property setting and it will be selected by default)
2025-06-05T13:29:48.852+03:00  INFO 29692 --- [    Test worker] o.h.e.t.j.p.i.JtaPlatformInitiator       : HHH000489: No JTA platform available (set 'hibernate.transaction.jta.platform' to enable JTA platform integration)
2025-06-05T13:29:48.882+03:00  INFO 29692 --- [    Test worker] j.LocalContainerEntityManagerFactoryBean : Initialized JPA EntityManagerFactory for persistence unit 'default'
2025-06-05T13:29:49.243+03:00  WARN 29692 --- [    Test worker] JpaBaseConfiguration$JpaWebConfiguration : spring.jpa.open-in-view is enabled by default. Therefore, database queries may be performed during view rendering. Explicitly configure spring.jpa.open-in-view to disable this warning
2025-06-05T13:29:49.606+03:00  INFO 29692 --- [    Test worker] o.s.b.t.m.w.SpringBootMockServletContext : Initializing Spring TestDispatcherServlet ''
2025-06-05T13:29:49.606+03:00  INFO 29692 --- [    Test worker] o.s.t.web.servlet.TestDispatcherServlet  : Initializing Servlet ''
2025-06-05T13:29:49.606+03:00  INFO 29692 --- [    Test worker] o.s.t.web.servlet.TestDispatcherServlet  : Completed initialization in 0 ms
2025-06-05T13:29:49.640+03:00  INFO 29692 --- [    Test worker] c.e.bookservice.BookControllerTest       : Started BookControllerTest in 3.437 seconds (process running for 4.719)
]]></system-out>
  <system-err><![CDATA[WARNING: A Java agent has been loaded dynamically (C:\Users\DenisE\.gradle\caches\modules-2\files-2.1\net.bytebuddy\byte-buddy-agent\1.14.13\979ce25f7d3096a2e82214ba7dc972a05ce7a171\byte-buddy-agent-1.14.13.jar)
WARNING: If a serviceability tool is in use, please run with -XX:+EnableDynamicAgentLoading to hide this warning
WARNING: If a serviceability tool is not in use, please run with -Djdk.instrument.traceUsage for more information
WARNING: Dynamic loading of agents will be disallowed by default in a future release
]]></system-err>
</testsuite>
